<?xml version="1.0" encoding="UTF-8"?>
<testsuites name="TSLog 01" time="38.14" tests="4" failures="0" errors="0">
   <testsuite name="TSLog 01" tests="4" failures="0" errors="0" time="38.14" skipped="0" timestamp="2023-04-17 16:36:13" hostname="LENOVO - DESKTOP-0EH6HA0" id="Test Suites/TSLog 01">
      <properties>
         <property name="deviceName" value=""/>
         <property name="devicePlatform" value=""/>
         <property name="logFolder" value="C:\\Users\\LENOVO\\git\\Katalon-Data-Driven-Testing\\Reports\\20230417_163609\\TSLog 01\\20230417_163609"/>
         <property name="logFiles" value="C:\\Users\\LENOVO\\git\\Katalon-Data-Driven-Testing\\Reports\\20230417_163609\\TSLog 01\\20230417_163609\\execution0.log"/>
         <property name="attachments" value="C:\\Users\\LENOVO\\git\\Katalon-Data-Driven-Testing\\Reports\\20230417_163609\\TSLog 01\\20230417_163609\\1681724185570.png, C:\\Users\\LENOVO\\git\\Katalon-Data-Driven-Testing\\Reports\\20230417_163609\\TSLog 01\\20230417_163609\\1681724194303.png, C:\\Users\\LENOVO\\git\\Katalon-Data-Driven-Testing\\Reports\\20230417_163609\\TSLog 01\\20230417_163609\\1681724202366.png, C:\\Users\\LENOVO\\git\\Katalon-Data-Driven-Testing\\Reports\\20230417_163609\\TSLog 01\\20230417_163609\\1681724210298.png"/>
         <property name="hostName" value="LENOVO - DESKTOP-0EH6HA0"/>
         <property name="os" value="Windows 10 64bit"/>
         <property name="katalonVersion" value="8.5.5.208"/>
         <property name="browser" value="Chrome 111.0.0.0"/>
         <property name="hostAddress" value="192.168.145.27"/>
         <property name="sessionId" value="45ff33bba53a63f422899ba17d73d880"/>
         <property name="seleniumVersion" value="3.141.59"/>
         <property name="proxyInformation" value="ProxyInformation { proxyOption=NO_PROXY, proxyServerType=HTTP, username=, password=********, proxyServerAddress=, proxyServerPort=0, executionList=&quot;&quot;, isApplyToDesiredCapabilities=true }"/>
         <property name="platform" value="Windows 10"/>
      </properties>
      <testcase name="Test Cases/Login/TCLog 01 Input username dan password valid" time="12.905" classname="Test Cases/Login/TCLog 01 Input username dan password valid" status="PASSED">
         <system-out><![CDATA[2023-04-17 16:36:14 - [TEST_CASE][PASSED] - Test Cases/Login/TCLog 01 Input username dan password valid: Test Cases/Login/TCLog 01 Input username dan password valid

2023-04-17 16:36:15 - [TEST_STEP][PASSED] - openBrowser(""): Browser is opened with url: ''

2023-04-17 16:36:15 - [MESSAGE][INFO] - Starting 'Chrome' driver

2023-04-17 16:36:15 - [MESSAGE][INFO] - Action delay is set to 0 milliseconds

2023-04-17 16:36:19 - [MESSAGE][PASSED] - Browser is opened with url: ''

2023-04-17 16:36:19 - [TEST_STEP][PASSED] - navigateToUrl("https://www.saucedemo.com/ "): Navigate to 'https://www.saucedemo.com/' successfully

2023-04-17 16:36:20 - [MESSAGE][PASSED] - Navigate to 'https://www.saucedemo.com/' successfully

2023-04-17 16:36:20 - [TEST_STEP][PASSED] - setText(findTestObject("Login/input_user-name"), findTestData("Data Login").getValue(1, 1)): Text 'standard_user' is set on object 'Object Repository/Login/input_user-name'

2023-04-17 16:36:23 - [MESSAGE][PASSED] - Text 'standard_user' is set on object 'Object Repository/Login/input_user-name'

2023-04-17 16:36:23 - [TEST_STEP][PASSED] - setText(findTestObject("Login/input_password"), findTestData("Data Login").getValue(2, 2)): Text 'secret_sauce' is set on object 'Object Repository/Login/input_password'

2023-04-17 16:36:24 - [MESSAGE][PASSED] - Text 'secret_sauce' is set on object 'Object Repository/Login/input_password'

2023-04-17 16:36:24 - [TEST_STEP][PASSED] - click(findTestObject("Login/input_login-button")): Object: 'Object Repository/Login/input_login-button' is clicked on

2023-04-17 16:36:25 - [MESSAGE][PASSED] - Object: 'Object Repository/Login/input_login-button' is clicked on

2023-04-17 16:36:25 - [TEST_STEP][PASSED] - takeFullPageScreenshot(): Taking screenshot successfully

2023-04-17 16:36:26 - [MESSAGE][INFO] - 0 hidden object(s)

2023-04-17 16:36:27 - [MESSAGE][PASSED] - Taking screenshot successfully
[[ATTACHMENT|C:\\Users\\LENOVO\\git\\Katalon-Data-Driven-Testing\\Reports\\20230417_163609\\TSLog 01\\20230417_163609\\1681724185570.png]]]]></system-out>
         <system-err><![CDATA[]]></system-err>
      </testcase>
      <testcase name="Test Cases/Login/TCLog 01 Input username dan password valid" time="8.426" classname="Test Cases/Login/TCLog 01 Input username dan password valid" status="PASSED">
         <system-out><![CDATA[2023-04-17 16:36:27 - [TEST_CASE][PASSED] - Test Cases/Login/TCLog 01 Input username dan password valid: Test Cases/Login/TCLog 01 Input username dan password valid

2023-04-17 16:36:27 - [TEST_STEP][PASSED] - openBrowser(""): Browser is opened with url: ''

2023-04-17 16:36:27 - [MESSAGE][WARNING] - A browser is already opened. Closing browser and opening a new one

2023-04-17 16:36:28 - [MESSAGE][INFO] - Starting 'Chrome' driver

2023-04-17 16:36:28 - [MESSAGE][INFO] - Action delay is set to 0 milliseconds

2023-04-17 16:36:30 - [MESSAGE][PASSED] - Browser is opened with url: ''

2023-04-17 16:36:30 - [TEST_STEP][PASSED] - navigateToUrl("https://www.saucedemo.com/ "): Navigate to 'https://www.saucedemo.com/' successfully

2023-04-17 16:36:31 - [MESSAGE][PASSED] - Navigate to 'https://www.saucedemo.com/' successfully

2023-04-17 16:36:31 - [TEST_STEP][PASSED] - setText(findTestObject("Login/input_user-name"), findTestData("Data Login").getValue(1, 1)): Text 'standard_user' is set on object 'Object Repository/Login/input_user-name'

2023-04-17 16:36:32 - [MESSAGE][PASSED] - Text 'standard_user' is set on object 'Object Repository/Login/input_user-name'

2023-04-17 16:36:32 - [TEST_STEP][PASSED] - setText(findTestObject("Login/input_password"), findTestData("Data Login").getValue(2, 2)): Text 'secret_sauce' is set on object 'Object Repository/Login/input_password'

2023-04-17 16:36:33 - [MESSAGE][PASSED] - Text 'secret_sauce' is set on object 'Object Repository/Login/input_password'

2023-04-17 16:36:33 - [TEST_STEP][PASSED] - click(findTestObject("Login/input_login-button")): Object: 'Object Repository/Login/input_login-button' is clicked on

2023-04-17 16:36:34 - [MESSAGE][PASSED] - Object: 'Object Repository/Login/input_login-button' is clicked on

2023-04-17 16:36:34 - [TEST_STEP][PASSED] - takeFullPageScreenshot(): Taking screenshot successfully

2023-04-17 16:36:35 - [MESSAGE][INFO] - 0 hidden object(s)

2023-04-17 16:36:35 - [MESSAGE][PASSED] - Taking screenshot successfully
[[ATTACHMENT|C:\\Users\\LENOVO\\git\\Katalon-Data-Driven-Testing\\Reports\\20230417_163609\\TSLog 01\\20230417_163609\\1681724194303.png]]]]></system-out>
         <system-err><![CDATA[]]></system-err>
      </testcase>
      <testcase name="Test Cases/Login/TCLog 01 Input username dan password valid" time="7.987" classname="Test Cases/Login/TCLog 01 Input username dan password valid" status="PASSED">
         <system-out><![CDATA[2023-04-17 16:36:35 - [TEST_CASE][PASSED] - Test Cases/Login/TCLog 01 Input username dan password valid: Test Cases/Login/TCLog 01 Input username dan password valid

2023-04-17 16:36:35 - [TEST_STEP][PASSED] - openBrowser(""): Browser is opened with url: ''

2023-04-17 16:36:35 - [MESSAGE][WARNING] - A browser is already opened. Closing browser and opening a new one

2023-04-17 16:36:36 - [MESSAGE][INFO] - Starting 'Chrome' driver

2023-04-17 16:36:36 - [MESSAGE][INFO] - Action delay is set to 0 milliseconds

2023-04-17 16:36:38 - [MESSAGE][PASSED] - Browser is opened with url: ''

2023-04-17 16:36:38 - [TEST_STEP][PASSED] - navigateToUrl("https://www.saucedemo.com/ "): Navigate to 'https://www.saucedemo.com/' successfully

2023-04-17 16:36:39 - [MESSAGE][PASSED] - Navigate to 'https://www.saucedemo.com/' successfully

2023-04-17 16:36:39 - [TEST_STEP][PASSED] - setText(findTestObject("Login/input_user-name"), findTestData("Data Login").getValue(1, 1)): Text 'standard_user' is set on object 'Object Repository/Login/input_user-name'

2023-04-17 16:36:40 - [MESSAGE][PASSED] - Text 'standard_user' is set on object 'Object Repository/Login/input_user-name'

2023-04-17 16:36:40 - [TEST_STEP][PASSED] - setText(findTestObject("Login/input_password"), findTestData("Data Login").getValue(2, 2)): Text 'secret_sauce' is set on object 'Object Repository/Login/input_password'

2023-04-17 16:36:41 - [MESSAGE][PASSED] - Text 'secret_sauce' is set on object 'Object Repository/Login/input_password'

2023-04-17 16:36:41 - [TEST_STEP][PASSED] - click(findTestObject("Login/input_login-button")): Object: 'Object Repository/Login/input_login-button' is clicked on

2023-04-17 16:36:42 - [MESSAGE][PASSED] - Object: 'Object Repository/Login/input_login-button' is clicked on

2023-04-17 16:36:42 - [TEST_STEP][PASSED] - takeFullPageScreenshot(): Taking screenshot successfully

2023-04-17 16:36:43 - [MESSAGE][INFO] - 0 hidden object(s)

2023-04-17 16:36:43 - [MESSAGE][PASSED] - Taking screenshot successfully
[[ATTACHMENT|C:\\Users\\LENOVO\\git\\Katalon-Data-Driven-Testing\\Reports\\20230417_163609\\TSLog 01\\20230417_163609\\1681724202366.png]]]]></system-out>
         <system-err><![CDATA[]]></system-err>
      </testcase>
      <testcase name="Test Cases/Login/TCLog 01 Input username dan password valid" time="7.91" classname="Test Cases/Login/TCLog 01 Input username dan password valid" status="PASSED">
         <system-out><![CDATA[2023-04-17 16:36:43 - [TEST_CASE][PASSED] - Test Cases/Login/TCLog 01 Input username dan password valid: Test Cases/Login/TCLog 01 Input username dan password valid

2023-04-17 16:36:43 - [TEST_STEP][PASSED] - openBrowser(""): Browser is opened with url: ''

2023-04-17 16:36:43 - [MESSAGE][WARNING] - A browser is already opened. Closing browser and opening a new one

2023-04-17 16:36:44 - [MESSAGE][INFO] - Starting 'Chrome' driver

2023-04-17 16:36:44 - [MESSAGE][INFO] - Action delay is set to 0 milliseconds

2023-04-17 16:36:46 - [MESSAGE][PASSED] - Browser is opened with url: ''

2023-04-17 16:36:46 - [TEST_STEP][PASSED] - navigateToUrl("https://www.saucedemo.com/ "): Navigate to 'https://www.saucedemo.com/' successfully

2023-04-17 16:36:47 - [MESSAGE][PASSED] - Navigate to 'https://www.saucedemo.com/' successfully

2023-04-17 16:36:47 - [TEST_STEP][PASSED] - setText(findTestObject("Login/input_user-name"), findTestData("Data Login").getValue(1, 1)): Text 'standard_user' is set on object 'Object Repository/Login/input_user-name'

2023-04-17 16:36:48 - [MESSAGE][PASSED] - Text 'standard_user' is set on object 'Object Repository/Login/input_user-name'

2023-04-17 16:36:48 - [TEST_STEP][PASSED] - setText(findTestObject("Login/input_password"), findTestData("Data Login").getValue(2, 2)): Text 'secret_sauce' is set on object 'Object Repository/Login/input_password'

2023-04-17 16:36:49 - [MESSAGE][PASSED] - Text 'secret_sauce' is set on object 'Object Repository/Login/input_password'

2023-04-17 16:36:49 - [TEST_STEP][PASSED] - click(findTestObject("Login/input_login-button")): Object: 'Object Repository/Login/input_login-button' is clicked on

2023-04-17 16:36:50 - [MESSAGE][PASSED] - Object: 'Object Repository/Login/input_login-button' is clicked on

2023-04-17 16:36:50 - [TEST_STEP][PASSED] - takeFullPageScreenshot(): Taking screenshot successfully

2023-04-17 16:36:51 - [MESSAGE][INFO] - 0 hidden object(s)

2023-04-17 16:36:51 - [MESSAGE][PASSED] - Taking screenshot successfully
[[ATTACHMENT|C:\\Users\\LENOVO\\git\\Katalon-Data-Driven-Testing\\Reports\\20230417_163609\\TSLog 01\\20230417_163609\\1681724210298.png]]]]></system-out>
         <system-err><![CDATA[]]></system-err>
      </testcase>
      <system-out><![CDATA[2023-04-17 16:36:13 - [TEST_SUITE][PASSED] - TSLog 01: Test Cases/Login/TCLog 01 Input username dan password valid]]></system-out>
      <system-err><![CDATA[]]></system-err>
   </testsuite>
</testsuites>
