<?xml version="1.0" encoding="UTF-8"?>
<testsuites name="TSLog 01 Akun teregistrasi" time="42.627" tests="4" failures="0" errors="0">
   <testsuite name="TSLog 01 Akun teregistrasi" tests="4" failures="0" errors="0" time="42.627" skipped="0" timestamp="2023-04-17 17:07:40" hostname="LENOVO - DESKTOP-0EH6HA0" id="Test Suites/TSLog 01 Akun teregistrasi">
      <properties>
         <property name="deviceName" value=""/>
         <property name="devicePlatform" value=""/>
         <property name="logFolder" value="C:\\Users\\LENOVO\\git\\Katalon-Data-Driven-Testing\\Reports\\20230417_170736\\TSLog 01 Akun teregistrasi\\20230417_170736"/>
         <property name="logFiles" value="C:\\Users\\LENOVO\\git\\Katalon-Data-Driven-Testing\\Reports\\20230417_170736\\TSLog 01 Akun teregistrasi\\20230417_170736\\execution0.log"/>
         <property name="attachments" value="C:\\Users\\LENOVO\\git\\Katalon-Data-Driven-Testing\\Reports\\20230417_170736\\TSLog 01 Akun teregistrasi\\20230417_170736\\1681726072074.png, C:\\Users\\LENOVO\\git\\Katalon-Data-Driven-Testing\\Reports\\20230417_170736\\TSLog 01 Akun teregistrasi\\20230417_170736\\1681726080535.png, C:\\Users\\LENOVO\\git\\Katalon-Data-Driven-Testing\\Reports\\20230417_170736\\TSLog 01 Akun teregistrasi\\20230417_170736\\1681726088278.png, C:\\Users\\LENOVO\\git\\Katalon-Data-Driven-Testing\\Reports\\20230417_170736\\TSLog 01 Akun teregistrasi\\20230417_170736\\1681726102152.png"/>
         <property name="hostName" value="LENOVO - DESKTOP-0EH6HA0"/>
         <property name="os" value="Windows 10 64bit"/>
         <property name="katalonVersion" value="8.5.5.208"/>
         <property name="browser" value="Chrome 111.0.0.0"/>
         <property name="hostAddress" value="192.168.145.27"/>
         <property name="sessionId" value="6c0ce1f70a398d3d9143ab03bf9ec2b2"/>
         <property name="seleniumVersion" value="3.141.59"/>
         <property name="proxyInformation" value="ProxyInformation { proxyOption=NO_PROXY, proxyServerType=HTTP, username=, password=********, proxyServerAddress=, proxyServerPort=0, executionList=&quot;&quot;, isApplyToDesiredCapabilities=true }"/>
         <property name="platform" value="Windows 10"/>
      </properties>
      <testcase name="Test Cases/Login/TCLog 01 Akun 1" time="12.008" classname="Test Cases/Login/TCLog 01 Akun 1" status="PASSED">
         <system-out><![CDATA[2023-04-17 17:07:41 - [TEST_CASE][PASSED] - Test Cases/Login/TCLog 01 Akun 1: Test Cases/Login/TCLog 01 Akun 1

2023-04-17 17:07:42 - [TEST_STEP][PASSED] - openBrowser(""): Browser is opened with url: ''

2023-04-17 17:07:43 - [MESSAGE][INFO] - Starting 'Chrome' driver

2023-04-17 17:07:43 - [MESSAGE][INFO] - Action delay is set to 0 milliseconds

2023-04-17 17:07:46 - [MESSAGE][PASSED] - Browser is opened with url: ''

2023-04-17 17:07:46 - [TEST_STEP][PASSED] - navigateToUrl("https://www.saucedemo.com/ "): Navigate to 'https://www.saucedemo.com/' successfully

2023-04-17 17:07:47 - [MESSAGE][PASSED] - Navigate to 'https://www.saucedemo.com/' successfully

2023-04-17 17:07:47 - [TEST_STEP][PASSED] - setText(findTestObject("Login/input_user-name"), findTestData("Data Login").getValue(1, 1)): Text 'standard_user' is set on object 'Object Repository/Login/input_user-name'

2023-04-17 17:07:50 - [MESSAGE][PASSED] - Text 'standard_user' is set on object 'Object Repository/Login/input_user-name'

2023-04-17 17:07:50 - [TEST_STEP][PASSED] - setText(findTestObject("Login/input_password"), findTestData("Data Login").getValue(2, 1)): Text 'secret_sauce' is set on object 'Object Repository/Login/input_password'

2023-04-17 17:07:51 - [MESSAGE][PASSED] - Text 'secret_sauce' is set on object 'Object Repository/Login/input_password'

2023-04-17 17:07:51 - [TEST_STEP][PASSED] - click(findTestObject("Login/input_login-button")): Object: 'Object Repository/Login/input_login-button' is clicked on

2023-04-17 17:07:52 - [MESSAGE][PASSED] - Object: 'Object Repository/Login/input_login-button' is clicked on

2023-04-17 17:07:52 - [TEST_STEP][PASSED] - takeFullPageScreenshot(): Taking screenshot successfully

2023-04-17 17:07:53 - [MESSAGE][INFO] - 0 hidden object(s)

2023-04-17 17:07:53 - [MESSAGE][PASSED] - Taking screenshot successfully
[[ATTACHMENT|C:\\Users\\LENOVO\\git\\Katalon-Data-Driven-Testing\\Reports\\20230417_170736\\TSLog 01 Akun teregistrasi\\20230417_170736\\1681726072074.png]]]]></system-out>
         <system-err><![CDATA[]]></system-err>
      </testcase>
      <testcase name="Test Cases/Login/TCLog 02 Akun 2" time="7.32" classname="Test Cases/Login/TCLog 02 Akun 2" status="PASSED">
         <system-out><![CDATA[2023-04-17 17:07:53 - [TEST_CASE][PASSED] - Test Cases/Login/TCLog 02 Akun 2: Test Cases/Login/TCLog 02 Akun 2

2023-04-17 17:07:54 - [TEST_STEP][PASSED] - openBrowser(""): Browser is opened with url: ''

2023-04-17 17:07:54 - [MESSAGE][WARNING] - A browser is already opened. Closing browser and opening a new one

2023-04-17 17:07:55 - [MESSAGE][INFO] - Starting 'Chrome' driver

2023-04-17 17:07:55 - [MESSAGE][INFO] - Action delay is set to 0 milliseconds

2023-04-17 17:07:57 - [MESSAGE][PASSED] - Browser is opened with url: ''

2023-04-17 17:07:57 - [TEST_STEP][PASSED] - navigateToUrl("https://www.saucedemo.com/ "): Navigate to 'https://www.saucedemo.com/' successfully

2023-04-17 17:07:57 - [MESSAGE][PASSED] - Navigate to 'https://www.saucedemo.com/' successfully

2023-04-17 17:07:57 - [TEST_STEP][PASSED] - setText(findTestObject("Login/input_user-name"), findTestData("Data Login").getValue(1, 2)): Text 'locked_out_user' is set on object 'Object Repository/Login/input_user-name'

2023-04-17 17:07:59 - [MESSAGE][PASSED] - Text 'locked_out_user' is set on object 'Object Repository/Login/input_user-name'

2023-04-17 17:07:59 - [TEST_STEP][PASSED] - setText(findTestObject("Login/input_password"), findTestData("Data Login").getValue(2, 2)): Text 'secret_sauce' is set on object 'Object Repository/Login/input_password'

2023-04-17 17:08:00 - [MESSAGE][PASSED] - Text 'secret_sauce' is set on object 'Object Repository/Login/input_password'

2023-04-17 17:08:00 - [TEST_STEP][PASSED] - click(findTestObject("Login/input_login-button")): Object: 'Object Repository/Login/input_login-button' is clicked on

2023-04-17 17:08:00 - [MESSAGE][PASSED] - Object: 'Object Repository/Login/input_login-button' is clicked on

2023-04-17 17:08:00 - [TEST_STEP][PASSED] - takeFullPageScreenshot(): Taking screenshot successfully

2023-04-17 17:08:00 - [MESSAGE][INFO] - 0 hidden object(s)

2023-04-17 17:08:01 - [MESSAGE][PASSED] - Taking screenshot successfully
[[ATTACHMENT|C:\\Users\\LENOVO\\git\\Katalon-Data-Driven-Testing\\Reports\\20230417_170736\\TSLog 01 Akun teregistrasi\\20230417_170736\\1681726080535.png]]]]></system-out>
         <system-err><![CDATA[]]></system-err>
      </testcase>
      <testcase name="Test Cases/Login/TCLog 03 Akun 3" time="8.799" classname="Test Cases/Login/TCLog 03 Akun 3" status="PASSED">
         <system-out><![CDATA[2023-04-17 17:08:01 - [TEST_CASE][PASSED] - Test Cases/Login/TCLog 03 Akun 3: Test Cases/Login/TCLog 03 Akun 3

2023-04-17 17:08:01 - [TEST_STEP][PASSED] - openBrowser(""): Browser is opened with url: ''

2023-04-17 17:08:01 - [MESSAGE][WARNING] - A browser is already opened. Closing browser and opening a new one

2023-04-17 17:08:02 - [MESSAGE][INFO] - Starting 'Chrome' driver

2023-04-17 17:08:02 - [MESSAGE][INFO] - Action delay is set to 0 milliseconds

2023-04-17 17:08:04 - [MESSAGE][PASSED] - Browser is opened with url: ''

2023-04-17 17:08:04 - [TEST_STEP][PASSED] - navigateToUrl("https://www.saucedemo.com/ "): Navigate to 'https://www.saucedemo.com/' successfully

2023-04-17 17:08:05 - [MESSAGE][PASSED] - Navigate to 'https://www.saucedemo.com/' successfully

2023-04-17 17:08:05 - [TEST_STEP][PASSED] - setText(findTestObject("Login/input_user-name"), findTestData("Data Login").getValue(1, 3)): Text 'problem_user' is set on object 'Object Repository/Login/input_user-name'

2023-04-17 17:08:06 - [MESSAGE][PASSED] - Text 'problem_user' is set on object 'Object Repository/Login/input_user-name'

2023-04-17 17:08:06 - [TEST_STEP][PASSED] - setText(findTestObject("Login/input_password"), findTestData("Data Login").getValue(2, 3)): Text 'secret_sauce' is set on object 'Object Repository/Login/input_password'

2023-04-17 17:08:07 - [MESSAGE][PASSED] - Text 'secret_sauce' is set on object 'Object Repository/Login/input_password'

2023-04-17 17:08:07 - [TEST_STEP][PASSED] - click(findTestObject("Login/input_login-button")): Object: 'Object Repository/Login/input_login-button' is clicked on

2023-04-17 17:08:08 - [MESSAGE][PASSED] - Object: 'Object Repository/Login/input_login-button' is clicked on

2023-04-17 17:08:08 - [TEST_STEP][PASSED] - takeFullPageScreenshot(): Taking screenshot successfully

2023-04-17 17:08:09 - [MESSAGE][INFO] - 0 hidden object(s)

2023-04-17 17:08:09 - [MESSAGE][PASSED] - Taking screenshot successfully
[[ATTACHMENT|C:\\Users\\LENOVO\\git\\Katalon-Data-Driven-Testing\\Reports\\20230417_170736\\TSLog 01 Akun teregistrasi\\20230417_170736\\1681726088278.png]]]]></system-out>
         <system-err><![CDATA[]]></system-err>
      </testcase>
      <testcase name="Test Cases/Login/TCLog 04 Akun 4" time="13.455" classname="Test Cases/Login/TCLog 04 Akun 4" status="PASSED">
         <system-out><![CDATA[2023-04-17 17:08:10 - [TEST_CASE][PASSED] - Test Cases/Login/TCLog 04 Akun 4: Test Cases/Login/TCLog 04 Akun 4

2023-04-17 17:08:10 - [TEST_STEP][PASSED] - openBrowser(""): Browser is opened with url: ''

2023-04-17 17:08:10 - [MESSAGE][WARNING] - A browser is already opened. Closing browser and opening a new one

2023-04-17 17:08:11 - [MESSAGE][INFO] - Starting 'Chrome' driver

2023-04-17 17:08:11 - [MESSAGE][INFO] - Action delay is set to 0 milliseconds

2023-04-17 17:08:13 - [MESSAGE][PASSED] - Browser is opened with url: ''

2023-04-17 17:08:13 - [TEST_STEP][PASSED] - navigateToUrl("https://www.saucedemo.com/ "): Navigate to 'https://www.saucedemo.com/' successfully

2023-04-17 17:08:14 - [MESSAGE][PASSED] - Navigate to 'https://www.saucedemo.com/' successfully

2023-04-17 17:08:14 - [TEST_STEP][PASSED] - setText(findTestObject("Login/input_user-name"), findTestData("Data Login").getValue(1, 4)): Text 'performance_glitch_user' is set on object 'Object Repository/Login/input_user-name'

2023-04-17 17:08:15 - [MESSAGE][PASSED] - Text 'performance_glitch_user' is set on object 'Object Repository/Login/input_user-name'

2023-04-17 17:08:15 - [TEST_STEP][PASSED] - setText(findTestObject("Login/input_password"), findTestData("Data Login").getValue(2, 4)): Text 'secret_sauce' is set on object 'Object Repository/Login/input_password'

2023-04-17 17:08:16 - [MESSAGE][PASSED] - Text 'secret_sauce' is set on object 'Object Repository/Login/input_password'

2023-04-17 17:08:16 - [TEST_STEP][PASSED] - click(findTestObject("Login/input_login-button")): Object: 'Object Repository/Login/input_login-button' is clicked on

2023-04-17 17:08:22 - [MESSAGE][PASSED] - Object: 'Object Repository/Login/input_login-button' is clicked on

2023-04-17 17:08:22 - [TEST_STEP][PASSED] - takeFullPageScreenshot(): Taking screenshot successfully

2023-04-17 17:08:23 - [MESSAGE][INFO] - 0 hidden object(s)

2023-04-17 17:08:23 - [MESSAGE][PASSED] - Taking screenshot successfully
[[ATTACHMENT|C:\\Users\\LENOVO\\git\\Katalon-Data-Driven-Testing\\Reports\\20230417_170736\\TSLog 01 Akun teregistrasi\\20230417_170736\\1681726102152.png]]]]></system-out>
         <system-err><![CDATA[]]></system-err>
      </testcase>
      <system-out><![CDATA[2023-04-17 17:07:40 - [TEST_SUITE][PASSED] - TSLog 01 Akun teregistrasi: Test Cases/Login/TCLog 04 Akun 4]]></system-out>
      <system-err><![CDATA[]]></system-err>
   </testsuite>
</testsuites>
