<?xml version="1.0" encoding="UTF-8"?>
<testsuites name="TSLog 01" time="12.743" tests="1" failures="0" errors="0">
   <testsuite name="TSLog 01" tests="1" failures="0" errors="0" time="12.743" skipped="0" timestamp="2023-04-17 16:27:20" hostname="LENOVO - DESKTOP-0EH6HA0" id="Test Suites/TSLog 01">
      <properties>
         <property name="deviceName" value=""/>
         <property name="devicePlatform" value=""/>
         <property name="logFolder" value="C:\\Users\\LENOVO\\git\\Katalon-Data-Driven-Testing\\Reports\\20230417_162716\\TSLog 01\\20230417_162716"/>
         <property name="logFiles" value="C:\\Users\\LENOVO\\git\\Katalon-Data-Driven-Testing\\Reports\\20230417_162716\\TSLog 01\\20230417_162716\\execution0.log"/>
         <property name="attachments" value="C:\\Users\\LENOVO\\git\\Katalon-Data-Driven-Testing\\Reports\\20230417_162716\\TSLog 01\\20230417_162716\\1681723651624.png"/>
         <property name="hostName" value="LENOVO - DESKTOP-0EH6HA0"/>
         <property name="os" value="Windows 10 64bit"/>
         <property name="katalonVersion" value="8.5.5.208"/>
         <property name="browser" value="Chrome 111.0.0.0"/>
         <property name="hostAddress" value="192.168.145.27"/>
         <property name="sessionId" value="d6ca61bb81f90384ce97f5bef35afaa4"/>
         <property name="seleniumVersion" value="3.141.59"/>
         <property name="proxyInformation" value="ProxyInformation { proxyOption=NO_PROXY, proxyServerType=HTTP, username=, password=********, proxyServerAddress=, proxyServerPort=0, executionList=&quot;&quot;, isApplyToDesiredCapabilities=true }"/>
         <property name="platform" value="Windows 10"/>
      </properties>
      <testcase name="Test Cases/Login/TCLog 01 Input username dan password valid" time="12.096" classname="Test Cases/Login/TCLog 01 Input username dan password valid" status="PASSED">
         <system-out><![CDATA[2023-04-17 16:27:21 - [TEST_CASE][PASSED] - Test Cases/Login/TCLog 01 Input username dan password valid: Test Cases/Login/TCLog 01 Input username dan password valid

2023-04-17 16:27:22 - [TEST_STEP][PASSED] - openBrowser(""): Browser is opened with url: ''

2023-04-17 16:27:22 - [MESSAGE][INFO] - Starting 'Chrome' driver

2023-04-17 16:27:22 - [MESSAGE][INFO] - Action delay is set to 0 milliseconds

2023-04-17 16:27:26 - [MESSAGE][PASSED] - Browser is opened with url: ''

2023-04-17 16:27:26 - [TEST_STEP][PASSED] - navigateToUrl("https://www.saucedemo.com/ "): Navigate to 'https://www.saucedemo.com/' successfully

2023-04-17 16:27:27 - [MESSAGE][PASSED] - Navigate to 'https://www.saucedemo.com/' successfully

2023-04-17 16:27:27 - [TEST_STEP][PASSED] - setText(findTestObject("Login/input_user-name"), findTestData("Data Login").getValue(1, 1)): Text '1' is set on object 'Object Repository/Login/input_user-name'

2023-04-17 16:27:30 - [MESSAGE][PASSED] - Text '1' is set on object 'Object Repository/Login/input_user-name'

2023-04-17 16:27:30 - [TEST_STEP][PASSED] - setText(findTestObject("Login/input_password"), findTestData("Data Login").getValue(1, 1)): Text '1' is set on object 'Object Repository/Login/input_password'

2023-04-17 16:27:31 - [MESSAGE][PASSED] - Text '1' is set on object 'Object Repository/Login/input_password'

2023-04-17 16:27:31 - [TEST_STEP][PASSED] - click(findTestObject("Login/input_login-button")): Object: 'Object Repository/Login/input_login-button' is clicked on

2023-04-17 16:27:31 - [MESSAGE][PASSED] - Object: 'Object Repository/Login/input_login-button' is clicked on

2023-04-17 16:27:31 - [TEST_STEP][PASSED] - takeFullPageScreenshot(): Taking screenshot successfully

2023-04-17 16:27:32 - [MESSAGE][INFO] - 0 hidden object(s)

2023-04-17 16:27:32 - [MESSAGE][PASSED] - Taking screenshot successfully
[[ATTACHMENT|C:\\Users\\LENOVO\\git\\Katalon-Data-Driven-Testing\\Reports\\20230417_162716\\TSLog 01\\20230417_162716\\1681723651624.png]]

2023-04-17 16:27:32 - [TEST_STEP][PASSED] - closeBrowser(): Browser is closed

2023-04-17 16:27:33 - [MESSAGE][PASSED] - Browser is closed]]></system-out>
         <system-err><![CDATA[]]></system-err>
      </testcase>
      <system-out><![CDATA[2023-04-17 16:27:20 - [TEST_SUITE][PASSED] - TSLog 01: Test Cases/Login/TCLog 01 Input username dan password valid]]></system-out>
      <system-err><![CDATA[]]></system-err>
   </testsuite>
</testsuites>
