<?xml version="1.0" encoding="UTF-8"?>
<testsuites name="TSLog 02 Verifikasi login" time="63.976" tests="4" failures="0" errors="0">
   <testsuite name="TSLog 02 Verifikasi login" tests="4" failures="0" errors="0" time="63.976" skipped="0" timestamp="2023-04-17 17:12:20" hostname="LENOVO - DESKTOP-0EH6HA0" id="Test Suites/TSLog 02 Verifikasi login">
      <properties>
         <property name="deviceName" value=""/>
         <property name="devicePlatform" value=""/>
         <property name="logFolder" value="C:\\Users\\LENOVO\\git\\Katalon-Data-Driven-Testing\\Reports\\20230417_171215\\TSLog 02 Verifikasi login\\20230417_171215"/>
         <property name="logFiles" value="C:\\Users\\LENOVO\\git\\Katalon-Data-Driven-Testing\\Reports\\20230417_171215\\TSLog 02 Verifikasi login\\20230417_171215\\execution0.log"/>
         <property name="attachments" value="C:\\Users\\LENOVO\\git\\Katalon-Data-Driven-Testing\\Reports\\20230417_171215\\TSLog 02 Verifikasi login\\20230417_171215\\1681726349895.png, C:\\Users\\LENOVO\\git\\Katalon-Data-Driven-Testing\\Reports\\20230417_171215\\TSLog 02 Verifikasi login\\20230417_171215\\1681726364873.png, C:\\Users\\LENOVO\\git\\Katalon-Data-Driven-Testing\\Reports\\20230417_171215\\TSLog 02 Verifikasi login\\20230417_171215\\1681726380354.png, C:\\Users\\LENOVO\\git\\Katalon-Data-Driven-Testing\\Reports\\20230417_171215\\TSLog 02 Verifikasi login\\20230417_171215\\1681726394635.png"/>
         <property name="hostName" value="LENOVO - DESKTOP-0EH6HA0"/>
         <property name="os" value="Windows 10 64bit"/>
         <property name="katalonVersion" value="8.5.5.208"/>
         <property name="browser" value="Chrome 111.0.0.0"/>
         <property name="hostAddress" value="192.168.145.27"/>
         <property name="sessionId" value="cea3701f862597d07b917905c8362d06"/>
         <property name="seleniumVersion" value="3.141.59"/>
         <property name="proxyInformation" value="ProxyInformation { proxyOption=NO_PROXY, proxyServerType=HTTP, username=, password=********, proxyServerAddress=, proxyServerPort=0, executionList=&quot;&quot;, isApplyToDesiredCapabilities=true }"/>
         <property name="platform" value="Windows 10"/>
      </properties>
      <testcase name="Test Cases/Login/TCLog 05 Akun tidak terdaftar" time="17.038" classname="Test Cases/Login/TCLog 05 Akun tidak terdaftar" status="PASSED">
         <system-out><![CDATA[2023-04-17 17:12:20 - [TEST_CASE][PASSED] - Test Cases/Login/TCLog 05 Akun tidak terdaftar: Test Cases/Login/TCLog 05 Akun tidak terdaftar

2023-04-17 17:12:21 - [TEST_STEP][PASSED] - openBrowser(""): Browser is opened with url: ''

2023-04-17 17:12:22 - [MESSAGE][INFO] - Starting 'Chrome' driver

2023-04-17 17:12:22 - [MESSAGE][INFO] - Action delay is set to 0 milliseconds

2023-04-17 17:12:25 - [MESSAGE][PASSED] - Browser is opened with url: ''

2023-04-17 17:12:25 - [TEST_STEP][PASSED] - navigateToUrl("https://www.saucedemo.com/ "): Navigate to 'https://www.saucedemo.com/' successfully

2023-04-17 17:12:26 - [MESSAGE][PASSED] - Navigate to 'https://www.saucedemo.com/' successfully

2023-04-17 17:12:26 - [TEST_STEP][PASSED] - setText(findTestObject("Login/input_user-name"), "user assasin"): Text 'user assasin' is set on object 'Object Repository/Login/input_user-name'

2023-04-17 17:12:28 - [MESSAGE][PASSED] - Text 'user assasin' is set on object 'Object Repository/Login/input_user-name'

2023-04-17 17:12:28 - [TEST_STEP][PASSED] - setText(findTestObject("Login/input_password"), "assasin"): Text 'assasin' is set on object 'Object Repository/Login/input_password'

2023-04-17 17:12:29 - [MESSAGE][PASSED] - Text 'assasin' is set on object 'Object Repository/Login/input_password'

2023-04-17 17:12:29 - [TEST_STEP][PASSED] - click(findTestObject("Login/input_login-button")): Object: 'Object Repository/Login/input_login-button' is clicked on

2023-04-17 17:12:29 - [MESSAGE][PASSED] - Object: 'Object Repository/Login/input_login-button' is clicked on

2023-04-17 17:12:29 - [TEST_STEP][PASSED] - takeFullPageScreenshot(): Taking screenshot successfully

2023-04-17 17:12:30 - [MESSAGE][INFO] - 0 hidden object(s)

2023-04-17 17:12:30 - [MESSAGE][PASSED] - Taking screenshot successfully
[[ATTACHMENT|C:\\Users\\LENOVO\\git\\Katalon-Data-Driven-Testing\\Reports\\20230417_171215\\TSLog 02 Verifikasi login\\20230417_171215\\1681726349895.png]]

2023-04-17 17:12:30 - [TEST_STEP][PASSED] - closeBrowser(): Browser is closed

2023-04-17 17:12:37 - [MESSAGE][PASSED] - Browser is closed]]></system-out>
         <system-err><![CDATA[]]></system-err>
      </testcase>
      <testcase name="Test Cases/Login/TCLog 05 Input username valid password null" time="14.928" classname="Test Cases/Login/TCLog 05 Input username valid password null" status="PASSED">
         <system-out><![CDATA[2023-04-17 17:12:37 - [TEST_CASE][PASSED] - Test Cases/Login/TCLog 05 Input username valid password null: Test Cases/Login/TCLog 05 Input username valid password null

2023-04-17 17:12:38 - [TEST_STEP][PASSED] - openBrowser(""): Browser is opened with url: ''

2023-04-17 17:12:38 - [MESSAGE][INFO] - Starting 'Chrome' driver

2023-04-17 17:12:38 - [MESSAGE][INFO] - Action delay is set to 0 milliseconds

2023-04-17 17:12:40 - [MESSAGE][PASSED] - Browser is opened with url: ''

2023-04-17 17:12:40 - [TEST_STEP][PASSED] - navigateToUrl("https://www.saucedemo.com/ "): Navigate to 'https://www.saucedemo.com/' successfully

2023-04-17 17:12:41 - [MESSAGE][PASSED] - Navigate to 'https://www.saucedemo.com/' successfully

2023-04-17 17:12:41 - [TEST_STEP][PASSED] - setText(findTestObject("Login/input_user-name"), username): Text 'standard_user' is set on object 'Object Repository/Login/input_user-name'

2023-04-17 17:12:43 - [MESSAGE][PASSED] - Text 'standard_user' is set on object 'Object Repository/Login/input_user-name'

2023-04-17 17:12:43 - [TEST_STEP][PASSED] - setText(findTestObject("Login/input_password"), ""): Text '' is set on object 'Object Repository/Login/input_password'

2023-04-17 17:12:44 - [MESSAGE][PASSED] - Text '' is set on object 'Object Repository/Login/input_password'

2023-04-17 17:12:44 - [TEST_STEP][PASSED] - click(findTestObject("Login/input_login-button")): Object: 'Object Repository/Login/input_login-button' is clicked on

2023-04-17 17:12:44 - [MESSAGE][PASSED] - Object: 'Object Repository/Login/input_login-button' is clicked on

2023-04-17 17:12:44 - [TEST_STEP][PASSED] - takeFullPageScreenshot(): Taking screenshot successfully

2023-04-17 17:12:45 - [MESSAGE][INFO] - 0 hidden object(s)

2023-04-17 17:12:45 - [MESSAGE][PASSED] - Taking screenshot successfully
[[ATTACHMENT|C:\\Users\\LENOVO\\git\\Katalon-Data-Driven-Testing\\Reports\\20230417_171215\\TSLog 02 Verifikasi login\\20230417_171215\\1681726364873.png]]

2023-04-17 17:12:45 - [TEST_STEP][PASSED] - closeBrowser(): Browser is closed

2023-04-17 17:12:52 - [MESSAGE][PASSED] - Browser is closed]]></system-out>
         <system-err><![CDATA[]]></system-err>
      </testcase>
      <testcase name="Test Cases/Login/TCLog 06 Input username null dan password valid" time="15.902" classname="Test Cases/Login/TCLog 06 Input username null dan password valid" status="PASSED">
         <system-out><![CDATA[2023-04-17 17:12:52 - [TEST_CASE][PASSED] - Test Cases/Login/TCLog 06 Input username null dan password valid: Test Cases/Login/TCLog 06 Input username null dan password valid

2023-04-17 17:12:53 - [TEST_STEP][PASSED] - openBrowser(""): Browser is opened with url: ''

2023-04-17 17:12:53 - [MESSAGE][INFO] - Starting 'Chrome' driver

2023-04-17 17:12:53 - [MESSAGE][INFO] - Action delay is set to 0 milliseconds

2023-04-17 17:12:55 - [MESSAGE][PASSED] - Browser is opened with url: ''

2023-04-17 17:12:55 - [TEST_STEP][PASSED] - navigateToUrl("https://www.saucedemo.com/ "): Navigate to 'https://www.saucedemo.com/' successfully

2023-04-17 17:12:57 - [MESSAGE][PASSED] - Navigate to 'https://www.saucedemo.com/' successfully

2023-04-17 17:12:57 - [TEST_STEP][PASSED] - setText(findTestObject("Login/input_user-name"), ""): Text '' is set on object 'Object Repository/Login/input_user-name'

2023-04-17 17:12:58 - [MESSAGE][PASSED] - Text '' is set on object 'Object Repository/Login/input_user-name'

2023-04-17 17:12:58 - [TEST_STEP][PASSED] - setText(findTestObject("Login/input_password"), password): Text 'secret_sauce' is set on object 'Object Repository/Login/input_password'

2023-04-17 17:12:59 - [MESSAGE][PASSED] - Text 'secret_sauce' is set on object 'Object Repository/Login/input_password'

2023-04-17 17:12:59 - [TEST_STEP][PASSED] - click(findTestObject("Login/input_login-button")): Object: 'Object Repository/Login/input_login-button' is clicked on

2023-04-17 17:13:00 - [MESSAGE][PASSED] - Object: 'Object Repository/Login/input_login-button' is clicked on

2023-04-17 17:13:00 - [TEST_STEP][PASSED] - takeFullPageScreenshot(): Taking screenshot successfully

2023-04-17 17:13:00 - [MESSAGE][INFO] - 0 hidden object(s)

2023-04-17 17:13:01 - [MESSAGE][PASSED] - Taking screenshot successfully
[[ATTACHMENT|C:\\Users\\LENOVO\\git\\Katalon-Data-Driven-Testing\\Reports\\20230417_171215\\TSLog 02 Verifikasi login\\20230417_171215\\1681726380354.png]]

2023-04-17 17:13:01 - [TEST_STEP][PASSED] - closeBrowser(): Browser is closed

2023-04-17 17:13:08 - [MESSAGE][PASSED] - Browser is closed]]></system-out>
         <system-err><![CDATA[]]></system-err>
      </testcase>
      <testcase name="Test Cases/Login/TCLog 07 Input username dan password null" time="15.48" classname="Test Cases/Login/TCLog 07 Input username dan password null" status="PASSED">
         <system-out><![CDATA[2023-04-17 17:13:08 - [TEST_CASE][PASSED] - Test Cases/Login/TCLog 07 Input username dan password null: Test Cases/Login/TCLog 07 Input username dan password null

2023-04-17 17:13:09 - [TEST_STEP][PASSED] - openBrowser(""): Browser is opened with url: ''

2023-04-17 17:13:09 - [MESSAGE][INFO] - Starting 'Chrome' driver

2023-04-17 17:13:09 - [MESSAGE][INFO] - Action delay is set to 0 milliseconds

2023-04-17 17:13:11 - [MESSAGE][PASSED] - Browser is opened with url: ''

2023-04-17 17:13:11 - [TEST_STEP][PASSED] - navigateToUrl("https://www.saucedemo.com/ "): Navigate to 'https://www.saucedemo.com/' successfully

2023-04-17 17:13:12 - [MESSAGE][PASSED] - Navigate to 'https://www.saucedemo.com/' successfully

2023-04-17 17:13:12 - [TEST_STEP][PASSED] - setText(findTestObject("Login/input_user-name"), ""): Text '' is set on object 'Object Repository/Login/input_user-name'

2023-04-17 17:13:13 - [MESSAGE][PASSED] - Text '' is set on object 'Object Repository/Login/input_user-name'

2023-04-17 17:13:13 - [TEST_STEP][PASSED] - setText(findTestObject("Login/input_password"), ""): Text '' is set on object 'Object Repository/Login/input_password'

2023-04-17 17:13:14 - [MESSAGE][PASSED] - Text '' is set on object 'Object Repository/Login/input_password'

2023-04-17 17:13:14 - [TEST_STEP][PASSED] - click(findTestObject("Login/input_login-button")): Object: 'Object Repository/Login/input_login-button' is clicked on

2023-04-17 17:13:14 - [MESSAGE][PASSED] - Object: 'Object Repository/Login/input_login-button' is clicked on

2023-04-17 17:13:14 - [TEST_STEP][PASSED] - takeFullPageScreenshot(): Taking screenshot successfully

2023-04-17 17:13:15 - [MESSAGE][INFO] - 0 hidden object(s)

2023-04-17 17:13:15 - [MESSAGE][PASSED] - Taking screenshot successfully
[[ATTACHMENT|C:\\Users\\LENOVO\\git\\Katalon-Data-Driven-Testing\\Reports\\20230417_171215\\TSLog 02 Verifikasi login\\20230417_171215\\1681726394635.png]]

2023-04-17 17:13:15 - [TEST_STEP][PASSED] - closeBrowser(): Browser is closed

2023-04-17 17:13:24 - [MESSAGE][PASSED] - Browser is closed]]></system-out>
         <system-err><![CDATA[]]></system-err>
      </testcase>
      <system-out><![CDATA[2023-04-17 17:12:20 - [TEST_SUITE][PASSED] - TSLog 02 Verifikasi login: Test Cases/Login/TCLog 07 Input username dan password null]]></system-out>
      <system-err><![CDATA[]]></system-err>
   </testsuite>
</testsuites>
